<?xml version="1.0" encoding="UTF-8"?>
<testsuite name="com.swig.manda.MandaApplicationTests" tests="1" skipped="0" failures="0" errors="0" timestamp="2024-03-08T10:32:17" hostname="DESKTOP-DIVVHEP" time="0.76">
  <properties/>
  <testcase name="contextLoads()" classname="com.swig.manda.MandaApplicationTests" time="0.76"/>
  <system-out><![CDATA[19:32:09.211 [Test worker] INFO org.springframework.test.context.support.AnnotationConfigContextLoaderUtils -- Could not detect default configuration classes for test class [com.swig.manda.MandaApplicationTests]: MandaApplicationTests does not declare any static, non-private, non-final, nested classes annotated with @Configuration.
19:32:09.364 [Test worker] INFO org.springframework.boot.test.context.SpringBootTestContextBootstrapper -- Found @SpringBootConfiguration com.swig.manda.MandaApplication for test class com.swig.manda.MandaApplicationTests

  .   ____          _            __ _ _
 /\\ / ___'_ __ _ _(_)_ __  __ _ \ \ \ \
( ( )\___ | '_ | '_| | '_ \/ _` | \ \ \ \
 \\/  ___)| |_)| | | | | || (_| |  ) ) ) )
  '  |____| .__|_| |_|_| |_\__, | / / / /
 =========|_|==============|___/=/_/_/_/
 :: Spring Boot ::                (v3.1.8)

2024-03-08T19:32:10.020+09:00  INFO 19024 --- [    Test worker] com.swig.manda.MandaApplicationTests     : Starting MandaApplicationTests using Java 17.0.8 with PID 19024 (started by sjho7 in C:\Users\sjho7\Downloads\mandarat-main\mandarat-main)
2024-03-08T19:32:10.023+09:00  INFO 19024 --- [    Test worker] com.swig.manda.MandaApplicationTests     : No active profile set, falling back to 1 default profile: "default"
2024-03-08T19:32:11.515+09:00  INFO 19024 --- [    Test worker] .s.d.r.c.RepositoryConfigurationDelegate : Bootstrapping Spring Data JPA repositories in DEFAULT mode.
2024-03-08T19:32:11.624+09:00  INFO 19024 --- [    Test worker] .s.d.r.c.RepositoryConfigurationDelegate : Finished Spring Data repository scanning in 92 ms. Found 3 JPA repository interfaces.
2024-03-08T19:32:12.402+09:00  INFO 19024 --- [    Test worker] o.hibernate.jpa.internal.util.LogHelper  : HHH000204: Processing PersistenceUnitInfo [name: default]
2024-03-08T19:32:12.505+09:00  INFO 19024 --- [    Test worker] org.hibernate.Version                    : HHH000412: Hibernate ORM core version 6.2.20.Final
2024-03-08T19:32:12.508+09:00  INFO 19024 --- [    Test worker] org.hibernate.cfg.Environment            : HHH000406: Using bytecode reflection optimizer
2024-03-08T19:32:12.958+09:00  INFO 19024 --- [    Test worker] o.s.o.j.p.SpringPersistenceUnitInfo      : No LoadTimeWeaver setup: ignoring JPA class transformer
2024-03-08T19:32:13.014+09:00  INFO 19024 --- [    Test worker] com.zaxxer.hikari.HikariDataSource       : HikariPool-1 - Starting...
2024-03-08T19:32:13.381+09:00  INFO 19024 --- [    Test worker] com.zaxxer.hikari.pool.HikariPool        : HikariPool-1 - Added connection com.mysql.cj.jdbc.ConnectionImpl@1e7cfd49
2024-03-08T19:32:13.384+09:00  INFO 19024 --- [    Test worker] com.zaxxer.hikari.HikariDataSource       : HikariPool-1 - Start completed.
2024-03-08T19:32:13.466+09:00  WARN 19024 --- [    Test worker] org.hibernate.orm.deprecation            : HHH90000025: MySQL8Dialect does not need to be specified explicitly using 'hibernate.dialect' (remove the property setting and it will be selected by default)
2024-03-08T19:32:13.466+09:00  WARN 19024 --- [    Test worker] org.hibernate.orm.deprecation            : HHH90000026: MySQL8Dialect has been deprecated; use org.hibernate.dialect.MySQLDialect instead
2024-03-08T19:32:13.498+09:00 DEBUG 19024 --- [    Test worker] o.h.t.d.sql.spi.DdlTypeRegistry          : addDescriptor(12, org.hibernate.type.descriptor.sql.internal.CapacityDependentDdlType@1191029d) replaced previous registration(org.hibernate.type.descriptor.sql.internal.CapacityDependentDdlType@54b2d002)
2024-03-08T19:32:13.498+09:00 DEBUG 19024 --- [    Test worker] o.h.t.d.sql.spi.DdlTypeRegistry          : addDescriptor(-9, org.hibernate.type.descriptor.sql.internal.CapacityDependentDdlType@1d1c63af) replaced previous registration(org.hibernate.type.descriptor.sql.internal.CapacityDependentDdlType@2095c331)
2024-03-08T19:32:13.498+09:00 DEBUG 19024 --- [    Test worker] o.h.t.d.sql.spi.DdlTypeRegistry          : addDescriptor(-3, org.hibernate.type.descriptor.sql.internal.CapacityDependentDdlType@3909a854) replaced previous registration(org.hibernate.type.descriptor.sql.internal.CapacityDependentDdlType@7b795db7)
2024-03-08T19:32:13.499+09:00 DEBUG 19024 --- [    Test worker] o.h.t.d.sql.spi.DdlTypeRegistry          : addDescriptor(4003, org.hibernate.type.descriptor.sql.internal.DdlTypeImpl@586486c) replaced previous registration(org.hibernate.type.descriptor.sql.internal.DdlTypeImpl@b849fa6)
2024-03-08T19:32:13.499+09:00 DEBUG 19024 --- [    Test worker] o.h.t.d.sql.spi.DdlTypeRegistry          : addDescriptor(4001, org.hibernate.type.descriptor.sql.internal.DdlTypeImpl@7fbbdd8a) replaced previous registration(org.hibernate.type.descriptor.sql.internal.DdlTypeImpl@4e9ea32f)
2024-03-08T19:32:13.499+09:00 DEBUG 19024 --- [    Test worker] o.h.t.d.sql.spi.DdlTypeRegistry          : addDescriptor(4002, org.hibernate.type.descriptor.sql.internal.DdlTypeImpl@79ec57b8) replaced previous registration(org.hibernate.type.descriptor.sql.internal.DdlTypeImpl@56ba8e8c)
2024-03-08T19:32:13.499+09:00 DEBUG 19024 --- [    Test worker] o.h.t.d.sql.spi.DdlTypeRegistry          : addDescriptor(2004, org.hibernate.type.descriptor.sql.internal.CapacityDependentDdlType@774c5e5c) replaced previous registration(org.hibernate.type.descriptor.sql.internal.DdlTypeImpl@4cf01c41)
2024-03-08T19:32:13.500+09:00 DEBUG 19024 --- [    Test worker] o.h.t.d.sql.spi.DdlTypeRegistry          : addDescriptor(2005, org.hibernate.type.descriptor.sql.internal.CapacityDependentDdlType@57bac3f0) replaced previous registration(org.hibernate.type.descriptor.sql.internal.DdlTypeImpl@55f6f965)
2024-03-08T19:32:13.500+09:00 DEBUG 19024 --- [    Test worker] o.h.t.d.sql.spi.DdlTypeRegistry          : addDescriptor(2011, org.hibernate.type.descriptor.sql.internal.CapacityDependentDdlType@40ddf339) replaced previous registration(org.hibernate.type.descriptor.sql.internal.DdlTypeImpl@c83ed77)
2024-03-08T19:32:14.844+09:00  INFO 19024 --- [    Test worker] o.h.e.t.j.p.i.JtaPlatformInitiator       : HHH000489: No JTA platform available (set 'hibernate.transaction.jta.platform' to enable JTA platform integration)
Hibernate: 
    alter table detail 
       drop 
       foreign key FK8rcje4k6fqqj72u9pwaxcwvvy
Hibernate: 
    alter table main_topic 
       drop 
       foreign key FKnmnqvnk6uvvynlcpyvs3kfp5i
Hibernate: 
    drop table if exists detail
Hibernate: 
    drop table if exists main_topic
Hibernate: 
    drop table if exists member
Hibernate: 
    create table detail (
        id bigint not null auto_increment,
        main_topic_id bigint,
        content varchar(255),
        primary key (id)
    ) engine=InnoDB
Hibernate: 
    create table main_topic (
        id bigint not null auto_increment,
        member_id bigint,
        title varchar(255),
        primary key (id)
    ) engine=InnoDB
Hibernate: 
    create table member (
        id bigint not null auto_increment,
        login_time datetime(6),
        reg_time datetime(6),
        email varchar(255),
        password varchar(255),
        provider varchar(255),
        provider_id varchar(255),
        role varchar(255),
        user_id varchar(255),
        username varchar(255),
        primary key (id)
    ) engine=InnoDB
Hibernate: 
    alter table detail 
       add constraint FK8rcje4k6fqqj72u9pwaxcwvvy 
       foreign key (main_topic_id) 
       references main_topic (id)
Hibernate: 
    alter table main_topic 
       add constraint FKnmnqvnk6uvvynlcpyvs3kfp5i 
       foreign key (member_id) 
       references member (id)
2024-03-08T19:32:15.082+09:00  INFO 19024 --- [    Test worker] j.LocalContainerEntityManagerFactoryBean : Initialized JPA EntityManagerFactory for persistence unit 'default'
2024-03-08T19:32:15.515+09:00  INFO 19024 --- [    Test worker] o.s.d.j.r.query.QueryEnhancerFactory     : Hibernate is in classpath; If applicable, HQL parser will be used.
2024-03-08T19:32:16.263+09:00 TRACE 19024 --- [    Test worker] eGlobalAuthenticationAutowiredConfigurer : Eagerly initializing {securityConfig=com.swig.manda.config.SecurityConfig$$SpringCGLIB$$0@1268ac94}
2024-03-08T19:32:16.421+09:00  WARN 19024 --- [    Test worker] JpaBaseConfiguration$JpaWebConfiguration : spring.jpa.open-in-view is enabled by default. Therefore, database queries may be performed during view rendering. Explicitly configure spring.jpa.open-in-view to disable this warning
2024-03-08T19:32:16.980+09:00  INFO 19024 --- [    Test worker] o.s.s.web.DefaultSecurityFilterChain     : Will secure any request with [org.springframework.security.web.session.DisableEncodeUrlFilter@9760f17, org.springframework.security.web.context.request.async.WebAsyncManagerIntegrationFilter@13cfa1ec, org.springframework.security.web.context.SecurityContextHolderFilter@54422189, org.springframework.security.web.header.HeaderWriterFilter@7951a08c, org.springframework.security.web.authentication.logout.LogoutFilter@414b5798, org.springframework.security.oauth2.client.web.OAuth2AuthorizationRequestRedirectFilter@10014459, org.springframework.security.oauth2.client.web.OAuth2LoginAuthenticationFilter@6ab56a77, org.springframework.security.web.savedrequest.RequestCacheAwareFilter@2b35dde3, org.springframework.security.web.servletapi.SecurityContextHolderAwareRequestFilter@5e435f0d, org.springframework.security.web.authentication.AnonymousAuthenticationFilter@52688730, org.springframework.security.web.session.SessionManagementFilter@cf0e8b4, org.springframework.security.web.access.ExceptionTranslationFilter@34788780, org.springframework.security.web.access.intercept.AuthorizationFilter@69abff1d]
2024-03-08T19:32:17.337+09:00  WARN 19024 --- [    Test worker] ion$DefaultTemplateResolverConfiguration : Cannot find template location: classpath:/templates/ (please add some templates, check your Thymeleaf configuration, or set spring.thymeleaf.check-template-location=false)
2024-03-08T19:32:17.524+09:00  INFO 19024 --- [    Test worker] com.swig.manda.MandaApplicationTests     : Started MandaApplicationTests in 7.892 seconds (process running for 9.857)
]]></system-out>
  <system-err><![CDATA[]]></system-err>
</testsuite>
